<!DOCTYPE HTML PUBLIC "-//W3C//DTD HTML 4.01 Transitional//EN"
"http://www.w3.org/TR/html4/transitional.dtd">
<html><head><title>RUNIT TEST PROTOCOL--Thu Jan  4 23:28:29 2018</title>
</head>
<body><h1 TRUE>RUNIT TEST PROTOCOL--Thu Jan  4 23:28:29 2018</h1>
<p>Number of test functions: 16</p>
<p style=color:red>Number of errors: 6</p>
<p style=color:red>Number of failures: 2</p>
<hr>
<h3 TRUE>1 Test suite</h3>
<table border="1" width="60%" >
<tr><th width="30%">Name</th>
<th width="30%">Test functions</th>
<th width="20%">Errors</th>
<th width="20%">Failures</th>
</tr>
<tr><td><a href="#packager_unit_test">packager_unit_test</a></td>
<td>16</td>
<td bgcolor="red">6</td>
<td bgcolor="red">2</td>
</tr>
</table>
<hr>
<h3 TRUE>Errors</h3>
<table border="1" width="100%" >
<tr><th width="30%">Test suite : test function</th>
<th width="70%">message</th>
</tr>
<tr><td><a href="#packager_unit_test_inst_runit_tests_test_devtools_modified.R_test_use_git">packager_unit_test : test_use_git</a></td>
<td>Error : Could not find package root.
</td>
</tr>
<tr><td><a href="#packager_unit_test_inst_runit_tests_test_devtools_modified.R_test_use_git_ignore">packager_unit_test : test_use_git_ignore</a></td>
<td>Error : Could not find package root.
</td>
</tr>
<tr><td><a href="#packager_unit_test_inst_runit_tests_test_internal.R_test_grep_directory">packager_unit_test : test_grep_directory</a></td>
<td>Error in strsplit(packager:::grep_directory(path = path, pattern = "runit_tests.*packager"),  : 
  non-character argument
</td>
</tr>
<tr><td><a href="#packager_unit_test_inst_runit_tests_test_internal.R_test_url">packager_unit_test : test_url</a></td>
<td>Error in get(name, envir = asNamespace(pkg), inherits = FALSE) : 
  object 'get_remote_url' not found
</td>
</tr>
<tr><td><a href="#packager_unit_test_inst_runit_tests_test_tools.R_test_githuburl">packager_unit_test : test_githuburl</a></td>
<td>Error in add_github_url_to_desc(path = path, default_gh_user = NA) : 
  could not find function "add_github_url_to_desc"
</td>
</tr>
<tr><td><a href="#packager_unit_test_inst_runit_tests_test_tools.R_test_git_tag">packager_unit_test : test_git_tag</a></td>
<td>Error : 'git_tag' is not an exported object from 'namespace:packager'
</td>
</tr>
</table>
<hr>
<h3 TRUE>Failures</h3>
<table border="1" width="100%" >
<tr><th width="30%">Test suite : test function</th>
<th width="70%">message</th>
</tr>
<tr><td><a href="#packager_unit_test_inst_runit_tests_test_internal.R_test_get_news">packager_unit_test : test_get_news</a></td>
<td>Error in RUnit::checkIdentical(result, expectation) : FALSE 
 
</td>
</tr>
<tr><td><a href="#packager_unit_test_inst_runit_tests_test_tools.R_test_cran_comments">packager_unit_test : test_cran_comments</a></td>
<td>Error in RUnit::checkIdentical(expectation, result) : FALSE 
 
</td>
</tr>
</table>
<hr>
<h3 TRUE>Details</h3>
<p><a name="packager_unit_test"><h5 TRUE>Test Suite: packager_unit_test</h5>
</a>Test function regexp: ^test_+<br/>Test file regexp: ^test.*\.[rR]<br/>Involved directory:<br/>inst/runit_tests<br/><ul><li><a href="inst/runit_tests/test_devtools_modified.R">Test file: test_devtools_modified.R</a><ul><li><a name="packager_unit_test_inst_runit_tests_test_devtools_modified.R_test_union_write">test_union_write: (2 checks) ... OK (0.01 seconds)<br/></a></li><li><a name="packager_unit_test_inst_runit_tests_test_devtools_modified.R_test_use_git"><u style=color:red>test_use_git: ERROR !!  </u></a>Error : Could not find package root.
<br/></li><li><a name="packager_unit_test_inst_runit_tests_test_devtools_modified.R_test_use_git_ignore"><u style=color:red>test_use_git_ignore: ERROR !!  </u></a>Error : Could not find package root.
<br/></li></ul></li><li><a href="inst/runit_tests/test_internal.R">Test file: test_internal.R</a><ul><li><a name="packager_unit_test_inst_runit_tests_test_internal.R_test_get_news"><u style=color:red>test_get_news: FAILURE !! (check number 1)  </u></a>Error in RUnit::checkIdentical(result, expectation) : FALSE 
 
<br/></li><li><a name="packager_unit_test_inst_runit_tests_test_internal.R_test_git">test_git: (5 checks) ... OK (0.58 seconds)<br/></a></li><li><a name="packager_unit_test_inst_runit_tests_test_internal.R_test_grep_directory"><u style=color:red>test_grep_directory: ERROR !!  </u></a>Error in strsplit(packager:::grep_directory(path = path, pattern = "runit_tests.*packager"),  : 
  non-character argument
<br/></li><li><a name="packager_unit_test_inst_runit_tests_test_internal.R_test_is_force">test_is_force: (1 checks) ... OK (0 seconds)<br/></a></li><li><a name="packager_unit_test_inst_runit_tests_test_internal.R_test_is_null_or_true">test_is_null_or_true: (3 checks) ... OK (0 seconds)<br/></a></li><li><a name="packager_unit_test_inst_runit_tests_test_internal.R_test_travis">test_travis: (1 checks) ... OK (0.02 seconds)<br/></a></li><li><a name="packager_unit_test_inst_runit_tests_test_internal.R_test_url"><u style=color:red>test_url: ERROR !!  </u></a>Error in get(name, envir = asNamespace(pkg), inherits = FALSE) : 
  object 'get_remote_url' not found
<br/></li><li><a name="packager_unit_test_inst_runit_tests_test_internal.R_test_warn_and_stop">test_warn_and_stop: (1 checks) ... OK (0 seconds)<br/></a></li></ul></li><li><a href="inst/runit_tests/test_throw.R">Test file: test_throw.R</a><ul><li><a name="packager_unit_test_inst_runit_tests_test_throw.R_test_exception">test_exception: (1 checks) ... OK (0 seconds)<br/></a></li></ul></li><li><a href="inst/runit_tests/test_tools.R">Test file: test_tools.R</a><ul><li><a name="packager_unit_test_inst_runit_tests_test_tools.R_test_cran_comments"><u style=color:red>test_cran_comments: FAILURE !! (check number 1)  </u></a>Error in RUnit::checkIdentical(expectation, result) : FALSE 
 
<br/></li><li><a name="packager_unit_test_inst_runit_tests_test_tools.R_test_githuburl"><u style=color:red>test_githuburl: ERROR !!  </u></a>Error in add_github_url_to_desc(path = path, default_gh_user = NA) : 
  could not find function "add_github_url_to_desc"
<br/></li><li><a name="packager_unit_test_inst_runit_tests_test_tools.R_test_git_tag"><u style=color:red>test_git_tag: ERROR !!  </u></a>Error : 'git_tag' is not an exported object from 'namespace:packager'
<br/></li><li><a name="packager_unit_test_inst_runit_tests_test_tools.R_test_news">test_news: (5 checks) ... OK (6.45 seconds)<br/></a></li></ul></li></ul><hr>
<table border="0" width="80%" >
<tr><th>Name</th>
<th>Value</th>
</tr>
<tr><td>platform</td>
<td>x86_64-pc-linux-gnu</td>
</tr>
<tr><td>arch</td>
<td>x86_64</td>
</tr>
<tr><td>os</td>
<td>linux-gnu</td>
</tr>
<tr><td>system</td>
<td>x86_64, linux-gnu</td>
</tr>
<tr><td>status</td>
<td>Under development (unstable)</td>
</tr>
<tr><td>major</td>
<td>3</td>
</tr>
<tr><td>minor</td>
<td>5.0</td>
</tr>
<tr><td>year</td>
<td>2017</td>
</tr>
<tr><td>month</td>
<td>08</td>
</tr>
<tr><td>day</td>
<td>15</td>
</tr>
<tr><td>svn rev</td>
<td>73096</td>
</tr>
<tr><td>language</td>
<td>R</td>
</tr>
<tr><td>version.string</td>
<td>R Under development (unstable) (2017-08-15 r73096)</td>
</tr>
<tr><td>nickname</td>
<td>Unsuffered Consequences</td>
</tr>
<tr><td>host</td>
<td>h5</td>
</tr>
<tr><td>compiler</td>
<td>g++ </td>
</tr>
</table>
</body>
</html>
